20:45:23 **** Incremental Build of configuration gcc-release for project inet ****
make MODE=release CONFIGNAME=gcc-release all 
cd src && make
make[1]: Entering directory '/home/kunterbunt/dev/omnetpp-4.6/samples/inet/src'
make[1]: Leaving directory '/home/kunterbunt/dev/omnetpp-4.6/samples/inet/src'
20:46:24 **** Incremental Build of configuration gcc-release for project inet ****
make MODE=release CONFIGNAME=gcc-release all 
cd src && make
make[1]: Entering directory '/home/kunterbunt/dev/omnetpp-4.6/samples/inet/src'
make[1]: Leaving directory '/home/kunterbunt/dev/omnetpp-4.6/samples/inet/src'
20:46:25 **** Incremental Build of configuration gcc-release for project ex7_VoIP_full ****
make MODE=release CONFIGNAME=gcc-release all 
cd src && make all
make[1]: Entering directory '/home/kunterbunt/dev/omnetpp-4.6/samples/comnets2-exercises/ex7_VoIP_full/src'
make[1]: Leaving directory '/home/kunterbunt/dev/omnetpp-4.6/samples/comnets2-exercises/ex7_VoIP_full/src'
21:23:28 **** Incremental Build of configuration gcc-release for project inet ****
make MODE=release CONFIGNAME=gcc-release all 
cd src && make
make[1]: Entering directory '/home/kunterbunt/dev/omnetpp-4.6/samples/inet/src'
make[1]: Leaving directory '/home/kunterbunt/dev/omnetpp-4.6/samples/inet/src'
21:23:29 **** Incremental Build of configuration gcc-release for project ex7_VoIP_full ****
make MODE=release CONFIGNAME=gcc-release all 
cd src && make all
make[1]: Entering directory '/home/kunterbunt/dev/omnetpp-4.6/samples/comnets2-exercises/ex7_VoIP_full/src'
make[1]: Leaving directory '/home/kunterbunt/dev/omnetpp-4.6/samples/comnets2-exercises/ex7_VoIP_full/src'
21:24:07 **** Incremental Build of configuration gcc-release for project inet ****
make MODE=release CONFIGNAME=gcc-release all 
cd src && make
make[1]: Entering directory '/home/kunterbunt/dev/omnetpp-4.6/samples/inet/src'
make[1]: Leaving directory '/home/kunterbunt/dev/omnetpp-4.6/samples/inet/src'
21:24:07 **** Incremental Build of configuration gcc-release for project ex7_VoIP_full ****
make MODE=release CONFIGNAME=gcc-release all 
cd src && make all
make[1]: Entering directory '/home/kunterbunt/dev/omnetpp-4.6/samples/comnets2-exercises/ex7_VoIP_full/src'
make[1]: Leaving directory '/home/kunterbunt/dev/omnetpp-4.6/samples/comnets2-exercises/ex7_VoIP_full/src'
21:24:25 **** Incremental Build of configuration gcc-release for project inet ****
make MODE=release CONFIGNAME=gcc-release all 
cd src && make
make[1]: Entering directory '/home/kunterbunt/dev/omnetpp-4.6/samples/inet/src'
make[1]: Leaving directory '/home/kunterbunt/dev/omnetpp-4.6/samples/inet/src'
21:24:26 **** Incremental Build of configuration gcc-release for project ex7_VoIP_full ****
make MODE=release CONFIGNAME=gcc-release all 
cd src && make all
make[1]: Entering directory '/home/kunterbunt/dev/omnetpp-4.6/samples/comnets2-exercises/ex7_VoIP_full/src'
make[1]: Leaving directory '/home/kunterbunt/dev/omnetpp-4.6/samples/comnets2-exercises/ex7_VoIP_full/src'
